[05-Sep-2018 23:44:50 UTC] PHP Fatal error:  Call to a member function execute() on a non-object in /home/ubuntu/workspace/php/random-rack.php on line 15
[05-Sep-2018 23:44:50 UTC] PHP Stack trace:
[05-Sep-2018 23:44:50 UTC] PHP   1. {main}() /home/ubuntu/workspace/php/random-rack.php:0
[05-Sep-2018 23:46:00 UTC] PHP Fatal error:  Call to a member function execute() on a non-object in /home/ubuntu/workspace/php/random-rack.php on line 15
[05-Sep-2018 23:46:00 UTC] PHP Stack trace:
[05-Sep-2018 23:46:00 UTC] PHP   1. {main}() /home/ubuntu/workspace/php/random-rack.php:0
[05-Sep-2018 23:47:48 UTC] PHP Warning:  str_split() expects parameter 1 to be string, array given in /home/ubuntu/workspace/php/random-rack.php on line 21
[05-Sep-2018 23:47:48 UTC] PHP Stack trace:
[05-Sep-2018 23:47:48 UTC] PHP   1. {main}() /home/ubuntu/workspace/php/random-rack.php:0
[05-Sep-2018 23:47:48 UTC] PHP   2. str_split() /home/ubuntu/workspace/php/random-rack.php:21
[05-Sep-2018 23:48:30 UTC] PHP Warning:  str_split() expects parameter 1 to be string, array given in /home/ubuntu/workspace/php/random-rack.php on line 21
[05-Sep-2018 23:48:30 UTC] PHP Stack trace:
[05-Sep-2018 23:48:30 UTC] PHP   1. {main}() /home/ubuntu/workspace/php/random-rack.php:0
[05-Sep-2018 23:48:30 UTC] PHP   2. str_split() /home/ubuntu/workspace/php/random-rack.php:21
[05-Sep-2018 23:49:14 UTC] PHP Warning:  str_split() expects parameter 1 to be string, array given in /home/ubuntu/workspace/php/random-rack.php on line 21
[05-Sep-2018 23:49:14 UTC] PHP Stack trace:
[05-Sep-2018 23:49:14 UTC] PHP   1. {main}() /home/ubuntu/workspace/php/random-rack.php:0
[05-Sep-2018 23:49:14 UTC] PHP   2. str_split() /home/ubuntu/workspace/php/random-rack.php:21
[05-Sep-2018 23:49:26 UTC] PHP Warning:  str_split() expects parameter 1 to be string, array given in /home/ubuntu/workspace/php/random-rack.php on line 21
[05-Sep-2018 23:49:26 UTC] PHP Stack trace:
[05-Sep-2018 23:49:26 UTC] PHP   1. {main}() /home/ubuntu/workspace/php/random-rack.php:0
[05-Sep-2018 23:49:26 UTC] PHP   2. str_split() /home/ubuntu/workspace/php/random-rack.php:21
[05-Sep-2018 23:50:48 UTC] PHP Warning:  str_split() expects parameter 1 to be string, array given in /home/ubuntu/workspace/php/random-rack.php on line 22
[05-Sep-2018 23:50:48 UTC] PHP Stack trace:
[05-Sep-2018 23:50:48 UTC] PHP   1. {main}() /home/ubuntu/workspace/php/random-rack.php:0
[05-Sep-2018 23:50:48 UTC] PHP   2. str_split() /home/ubuntu/workspace/php/random-rack.php:22
[05-Sep-2018 23:51:09 UTC] PHP Warning:  str_split() expects parameter 1 to be string, array given in /home/ubuntu/workspace/php/random-rack.php on line 22
[05-Sep-2018 23:51:09 UTC] PHP Stack trace:
[05-Sep-2018 23:51:09 UTC] PHP   1. {main}() /home/ubuntu/workspace/php/random-rack.php:0
[05-Sep-2018 23:51:09 UTC] PHP   2. str_split() /home/ubuntu/workspace/php/random-rack.php:22
[05-Sep-2018 23:52:08 UTC] PHP Warning:  str_split() expects parameter 1 to be string, array given in /home/ubuntu/workspace/php/random-rack.php on line 22
[05-Sep-2018 23:52:08 UTC] PHP Stack trace:
[05-Sep-2018 23:52:08 UTC] PHP   1. {main}() /home/ubuntu/workspace/php/random-rack.php:0
[05-Sep-2018 23:52:08 UTC] PHP   2. str_split() /home/ubuntu/workspace/php/random-rack.php:22
[05-Sep-2018 23:56:04 UTC] PHP Parse error:  syntax error, unexpected ';' in /home/ubuntu/workspace/php/random-rack.php on line 21
[05-Sep-2018 23:58:26 UTC] PHP Parse error:  syntax error, unexpected '-', expecting '(' in /home/ubuntu/workspace/php/get-all-racks.php on line 3
[05-Sep-2018 23:58:59 UTC] PHP Parse error:  syntax error, unexpected '-', expecting '(' in /home/ubuntu/workspace/php/get-all-racks.php on line 3
[06-Sep-2018 00:03:33 UTC] PHP Parse error:  syntax error, unexpected ';' in Command line code on line 1
[06-Sep-2018 00:03:44 UTC] PHP Parse error:  syntax error, unexpected 'get' (T_STRING) in /home/ubuntu/workspace/php/check-if-correct.php on line 3
[06-Sep-2018 00:03:44 UTC] PHP Stack trace:
[06-Sep-2018 00:03:44 UTC] PHP   1. {main}() Command line code:0
[06-Sep-2018 00:04:23 UTC] PHP Warning:  include(0php): failed to open stream: No such file or directory in /home/ubuntu/workspace/php/check-if-correct.php on line 3
[06-Sep-2018 00:04:23 UTC] PHP Stack trace:
[06-Sep-2018 00:04:23 UTC] PHP   1. {main}() Command line code:0
[06-Sep-2018 00:04:23 UTC] PHP   2. require() Command line code:1
[06-Sep-2018 00:04:23 UTC] PHP Warning:  include(): Failed opening '0php' for inclusion (include_path='.:/usr/share/php:/usr/share/pear') in /home/ubuntu/workspace/php/check-if-correct.php on line 3
[06-Sep-2018 00:04:23 UTC] PHP Stack trace:
[06-Sep-2018 00:04:23 UTC] PHP   1. {main}() Command line code:0
[06-Sep-2018 00:04:23 UTC] PHP   2. require() Command line code:1
[06-Sep-2018 00:04:23 UTC] PHP Fatal error:  Call to undefined function get_all_racks() in /home/ubuntu/workspace/php/check-if-correct.php on line 7
[06-Sep-2018 00:04:23 UTC] PHP Stack trace:
[06-Sep-2018 00:04:23 UTC] PHP   1. {main}() Command line code:0
[06-Sep-2018 00:04:23 UTC] PHP   2. check_if_correct() Command line code:1
[06-Sep-2018 00:04:28 UTC] PHP Warning:  include(0php): failed to open stream: No such file or directory in /home/ubuntu/workspace/php/check-if-correct.php on line 3
[06-Sep-2018 00:04:28 UTC] PHP Stack trace:
[06-Sep-2018 00:04:28 UTC] PHP   1. {main}() Command line code:0
[06-Sep-2018 00:04:28 UTC] PHP   2. require() Command line code:1
[06-Sep-2018 00:04:28 UTC] PHP Warning:  include(): Failed opening '0php' for inclusion (include_path='.:/usr/share/php:/usr/share/pear') in /home/ubuntu/workspace/php/check-if-correct.php on line 3
[06-Sep-2018 00:04:28 UTC] PHP Stack trace:
[06-Sep-2018 00:04:28 UTC] PHP   1. {main}() Command line code:0
[06-Sep-2018 00:04:28 UTC] PHP   2. require() Command line code:1
[06-Sep-2018 00:04:28 UTC] PHP Fatal error:  Call to undefined function get_all_racks() in /home/ubuntu/workspace/php/check-if-correct.php on line 7
[06-Sep-2018 00:04:28 UTC] PHP Stack trace:
[06-Sep-2018 00:04:28 UTC] PHP   1. {main}() Command line code:0
[06-Sep-2018 00:04:28 UTC] PHP   2. check_if_correct() Command line code:1
[06-Sep-2018 00:04:44 UTC] PHP Warning:  include(0php): failed to open stream: No such file or directory in /home/ubuntu/workspace/php/check-if-correct.php on line 3
[06-Sep-2018 00:04:44 UTC] PHP Stack trace:
[06-Sep-2018 00:04:44 UTC] PHP   1. {main}() Command line code:0
[06-Sep-2018 00:04:44 UTC] PHP   2. require() Command line code:1
[06-Sep-2018 00:04:44 UTC] PHP Warning:  include(): Failed opening '0php' for inclusion (include_path='.:/usr/share/php:/usr/share/pear') in /home/ubuntu/workspace/php/check-if-correct.php on line 3
[06-Sep-2018 00:04:44 UTC] PHP Stack trace:
[06-Sep-2018 00:04:44 UTC] PHP   1. {main}() Command line code:0
[06-Sep-2018 00:04:44 UTC] PHP   2. require() Command line code:1
[06-Sep-2018 00:04:44 UTC] PHP Fatal error:  Call to undefined function get_all_racks() in /home/ubuntu/workspace/php/check-if-correct.php on line 7
[06-Sep-2018 00:04:44 UTC] PHP Stack trace:
[06-Sep-2018 00:04:44 UTC] PHP   1. {main}() Command line code:0
[06-Sep-2018 00:04:44 UTC] PHP   2. check_if_correct() Command line code:1
[06-Sep-2018 00:06:46 UTC] PHP Warning:  include(0php): failed to open stream: No such file or directory in /home/ubuntu/workspace/php/check-if-correct.php on line 3
[06-Sep-2018 00:06:46 UTC] PHP Stack trace:
[06-Sep-2018 00:06:46 UTC] PHP   1. {main}() Command line code:0
[06-Sep-2018 00:06:46 UTC] PHP   2. require() Command line code:1
[06-Sep-2018 00:06:46 UTC] PHP Warning:  include(): Failed opening '0php' for inclusion (include_path='.:/usr/share/php:/usr/share/pear') in /home/ubuntu/workspace/php/check-if-correct.php on line 3
[06-Sep-2018 00:06:46 UTC] PHP Stack trace:
[06-Sep-2018 00:06:46 UTC] PHP   1. {main}() Command line code:0
[06-Sep-2018 00:06:46 UTC] PHP   2. require() Command line code:1
[06-Sep-2018 00:06:46 UTC] PHP Fatal error:  Call to undefined function get_all_racks() in /home/ubuntu/workspace/php/check-if-correct.php on line 7
[06-Sep-2018 00:06:46 UTC] PHP Stack trace:
[06-Sep-2018 00:06:46 UTC] PHP   1. {main}() Command line code:0
[06-Sep-2018 00:06:46 UTC] PHP   2. check_if_correct() Command line code:1
[06-Sep-2018 00:06:58 UTC] PHP Parse error:  syntax error, unexpected '"Made it."' (T_CONSTANT_ENCAPSED_STRING) in /home/ubuntu/workspace/php/check-if-correct.php on line 9
[06-Sep-2018 00:06:58 UTC] PHP Stack trace:
[06-Sep-2018 00:06:58 UTC] PHP   1. {main}() Command line code:0
[06-Sep-2018 00:07:13 UTC] PHP Warning:  include(0php): failed to open stream: No such file or directory in /home/ubuntu/workspace/php/check-if-correct.php on line 3
[06-Sep-2018 00:07:13 UTC] PHP Stack trace:
[06-Sep-2018 00:07:13 UTC] PHP   1. {main}() Command line code:0
[06-Sep-2018 00:07:13 UTC] PHP   2. require() Command line code:1
[06-Sep-2018 00:07:13 UTC] PHP Warning:  include(): Failed opening '0php' for inclusion (include_path='.:/usr/share/php:/usr/share/pear') in /home/ubuntu/workspace/php/check-if-correct.php on line 3
[06-Sep-2018 00:07:13 UTC] PHP Stack trace:
[06-Sep-2018 00:07:13 UTC] PHP   1. {main}() Command line code:0
[06-Sep-2018 00:07:13 UTC] PHP   2. require() Command line code:1
[06-Sep-2018 00:07:13 UTC] PHP Fatal error:  Call to undefined function get_all_racks() in /home/ubuntu/workspace/php/check-if-correct.php on line 8
[06-Sep-2018 00:07:13 UTC] PHP Stack trace:
[06-Sep-2018 00:07:13 UTC] PHP   1. {main}() Command line code:0
[06-Sep-2018 00:07:13 UTC] PHP   2. check_if_correct() Command line code:1
[06-Sep-2018 00:07:34 UTC] PHP Warning:  include(0php): failed to open stream: No such file or directory in /home/ubuntu/workspace/php/check-if-correct.php on line 3
[06-Sep-2018 00:07:34 UTC] PHP Stack trace:
[06-Sep-2018 00:07:34 UTC] PHP   1. {main}() Command line code:0
[06-Sep-2018 00:07:34 UTC] PHP   2. require() Command line code:1
[06-Sep-2018 00:07:34 UTC] PHP Warning:  include(): Failed opening '0php' for inclusion (include_path='.:/usr/share/php:/usr/share/pear') in /home/ubuntu/workspace/php/check-if-correct.php on line 3
[06-Sep-2018 00:07:34 UTC] PHP Stack trace:
[06-Sep-2018 00:07:34 UTC] PHP   1. {main}() Command line code:0
[06-Sep-2018 00:07:34 UTC] PHP   2. require() Command line code:1
[06-Sep-2018 00:07:34 UTC] PHP Fatal error:  Call to undefined function get_all_racks() in /home/ubuntu/workspace/php/check-if-correct.php on line 8
[06-Sep-2018 00:07:34 UTC] PHP Stack trace:
[06-Sep-2018 00:07:34 UTC] PHP   1. {main}() Command line code:0
[06-Sep-2018 00:07:34 UTC] PHP   2. check_if_correct() Command line code:1
[06-Sep-2018 00:10:47 UTC] PHP Parse error:  syntax error, unexpected 'in' (T_STRING) in /home/ubuntu/workspace/php/check-if-correct.php on line 10
[06-Sep-2018 00:10:47 UTC] PHP Stack trace:
[06-Sep-2018 00:10:47 UTC] PHP   1. {main}() Command line code:0
[06-Sep-2018 00:11:38 UTC] PHP Parse error:  syntax error, unexpected '}' in /home/ubuntu/workspace/php/check-if-correct.php on line 13
[06-Sep-2018 00:11:38 UTC] PHP Stack trace:
[06-Sep-2018 00:11:38 UTC] PHP   1. {main}() Command line code:0
[06-Sep-2018 00:11:55 UTC] PHP Parse error:  syntax error, unexpected '}' in /home/ubuntu/workspace/php/check-if-correct.php on line 15
[06-Sep-2018 00:11:55 UTC] PHP Stack trace:
[06-Sep-2018 00:11:55 UTC] PHP   1. {main}() Command line code:0
[06-Sep-2018 00:38:29 UTC] PHP Parse error:  syntax error, unexpected 'AND' (T_LOGICAL_AND) in Command line code on line 1
[06-Sep-2018 00:38:42 UTC] PHP Parse error:  syntax error, unexpected 'AND' (T_LOGICAL_AND) in Command line code on line 1
[06-Sep-2018 00:39:31 UTC] PHP Fatal error:  Call to a member function prepare() on a non-object in /home/ubuntu/workspace/php/check-if-correct.php on line 18
[06-Sep-2018 00:39:31 UTC] PHP Stack trace:
[06-Sep-2018 00:39:31 UTC] PHP   1. {main}() Command line code:0
[06-Sep-2018 00:39:31 UTC] PHP   2. check_if_correct() Command line code:1
[06-Sep-2018 00:39:55 UTC] PHP Parse error:  syntax error, unexpected '$query' (T_VARIABLE), expecting ',' or ';' in /home/ubuntu/workspace/php/check-if-correct.php on line 17
[06-Sep-2018 00:39:55 UTC] PHP Stack trace:
[06-Sep-2018 00:39:55 UTC] PHP   1. {main}() Command line code:0
[06-Sep-2018 00:40:22 UTC] PHP Fatal error:  Call to a member function prepare() on a non-object in /home/ubuntu/workspace/php/check-if-correct.php on line 19
[06-Sep-2018 00:40:22 UTC] PHP Stack trace:
[06-Sep-2018 00:40:22 UTC] PHP   1. {main}() Command line code:0
[06-Sep-2018 00:40:22 UTC] PHP   2. check_if_correct() Command line code:1
[06-Sep-2018 00:41:29 UTC] PHP Fatal error:  Call to a member function prepare() on a non-object in /home/ubuntu/workspace/php/check-if-correct.php on line 22
[06-Sep-2018 00:41:29 UTC] PHP Stack trace:
[06-Sep-2018 00:41:29 UTC] PHP   1. {main}() Command line code:0
[06-Sep-2018 00:41:29 UTC] PHP   2. check_if_correct() Command line code:1
[06-Sep-2018 00:41:40 UTC] PHP Fatal error:  Call to a member function execute() on a non-object in /home/ubuntu/workspace/php/check-if-correct.php on line 23
[06-Sep-2018 00:41:40 UTC] PHP Stack trace:
[06-Sep-2018 00:41:40 UTC] PHP   1. {main}() Command line code:0
[06-Sep-2018 00:41:40 UTC] PHP   2. check_if_correct() Command line code:1
[06-Sep-2018 00:43:01 UTC] PHP Fatal error:  Call to a member function execute() on a non-object in /home/ubuntu/workspace/php/check-if-correct.php on line 24
[06-Sep-2018 00:43:01 UTC] PHP Stack trace:
[06-Sep-2018 00:43:01 UTC] PHP   1. {main}() Command line code:0
[06-Sep-2018 00:43:01 UTC] PHP   2. check_if_correct() Command line code:1
[06-Sep-2018 00:43:33 UTC] PHP Fatal error:  Call to a member function execute() on a non-object in /home/ubuntu/workspace/php/check-if-correct.php on line 24
[06-Sep-2018 00:43:33 UTC] PHP Stack trace:
[06-Sep-2018 00:43:33 UTC] PHP   1. {main}() Command line code:0
[06-Sep-2018 00:43:33 UTC] PHP   2. check_if_correct() Command line code:1
[06-Sep-2018 00:44:34 UTC] PHP Fatal error:  Call to a member function prepare() on a non-object in /home/ubuntu/workspace/php/check-if-correct.php on line 23
[06-Sep-2018 00:44:34 UTC] PHP Stack trace:
[06-Sep-2018 00:44:34 UTC] PHP   1. {main}() Command line code:0
[06-Sep-2018 00:44:34 UTC] PHP   2. check_if_correct() Command line code:1
[06-Sep-2018 00:44:41 UTC] PHP Fatal error:  Call to a member function execute() on a non-object in /home/ubuntu/workspace/php/check-if-correct.php on line 24
[06-Sep-2018 00:44:41 UTC] PHP Stack trace:
[06-Sep-2018 00:44:41 UTC] PHP   1. {main}() Command line code:0
[06-Sep-2018 00:44:41 UTC] PHP   2. check_if_correct() Command line code:1
[06-Sep-2018 00:44:59 UTC] PHP Fatal error:  Call to a member function execute() on a non-object in /home/ubuntu/workspace/php/check-if-correct.php on line 25
[06-Sep-2018 00:44:59 UTC] PHP Stack trace:
[06-Sep-2018 00:44:59 UTC] PHP   1. {main}() Command line code:0
[06-Sep-2018 00:44:59 UTC] PHP   2. check_if_correct() Command line code:1
[06-Sep-2018 00:45:06 UTC] PHP Fatal error:  Call to a member function execute() on a non-object in /home/ubuntu/workspace/php/check-if-correct.php on line 25
[06-Sep-2018 00:45:06 UTC] PHP Stack trace:
[06-Sep-2018 00:45:06 UTC] PHP   1. {main}() Command line code:0
[06-Sep-2018 00:45:06 UTC] PHP   2. check_if_correct() Command line code:1
[06-Sep-2018 00:45:24 UTC] PHP Fatal error:  Call to a member function execute() on a non-object in /home/ubuntu/workspace/php/check-if-correct.php on line 25
[06-Sep-2018 00:45:24 UTC] PHP Stack trace:
[06-Sep-2018 00:45:24 UTC] PHP   1. {main}() Command line code:0
[06-Sep-2018 00:45:24 UTC] PHP   2. check_if_correct() Command line code:1
[06-Sep-2018 00:54:21 UTC] PHP Parse error:  syntax error, unexpected 'echo' (T_ECHO), expecting ',' or ';' in /home/ubuntu/workspace/php/check-if-correct.php on line 39
[06-Sep-2018 00:54:21 UTC] PHP Stack trace:
[06-Sep-2018 00:54:21 UTC] PHP   1. {main}() Command line code:0
[06-Sep-2018 00:58:08 UTC] PHP Fatal error:  Call to undefined function check_if_correct() in Command line code on line 1
[06-Sep-2018 00:58:08 UTC] PHP Stack trace:
[06-Sep-2018 00:58:08 UTC] PHP   1. {main}() Command line code:0
[06-Sep-2018 00:59:24 UTC] PHP Parse error:  syntax error, unexpected 'return' (T_RETURN), expecting ',' or ';' in /home/ubuntu/workspace/php/check-if-word.php on line 52
[06-Sep-2018 00:59:24 UTC] PHP Stack trace:
[06-Sep-2018 00:59:24 UTC] PHP   1. {main}() Command line code:0
[06-Sep-2018 14:22:48 UTC] PHP Parse error:  syntax error, unexpected 'echo' (T_ECHO) in /home/ubuntu/workspace/php/check-if-word.php on line 63
[06-Sep-2018 14:22:52 UTC] PHP Parse error:  syntax error, unexpected 'echo' (T_ECHO) in /home/ubuntu/workspace/php/check-if-word.php on line 63
[06-Sep-2018 17:58:11 UTC] PHP Parse error:  syntax error, unexpected '=>' (T_DOUBLE_ARROW) in /home/ubuntu/workspace/php/check-if-word.php on line 58
[06-Sep-2018 17:58:11 UTC] PHP Stack trace:
[06-Sep-2018 17:58:11 UTC] PHP   1. {main}() Command line code:0
[06-Sep-2018 17:59:01 UTC] PHP Parse error:  syntax error, unexpected '=>' (T_DOUBLE_ARROW) in /home/ubuntu/workspace/php/check-if-word.php on line 57
[06-Sep-2018 17:59:01 UTC] PHP Stack trace:
[06-Sep-2018 17:59:01 UTC] PHP   1. {main}() Command line code:0
[07-Sep-2018 01:07:45 UTC] PHP Warning:  Creating default object from empty value in /home/ubuntu/workspace/php/check-if-word.php on line 53
[07-Sep-2018 01:07:45 UTC] PHP Stack trace:
[07-Sep-2018 01:07:45 UTC] PHP   1. {main}() /home/ubuntu/workspace/php/check-if-word.php:0
[07-Sep-2018 01:07:45 UTC] PHP   2. check_if_word() /home/ubuntu/workspace/php/check-if-word.php:66
[07-Sep-2018 01:08:10 UTC] PHP Warning:  Creating default object from empty value in /home/ubuntu/workspace/php/check-if-word.php on line 53
[07-Sep-2018 01:08:10 UTC] PHP Stack trace:
[07-Sep-2018 01:08:10 UTC] PHP   1. {main}() /home/ubuntu/workspace/php/check-if-word.php:0
[07-Sep-2018 01:08:10 UTC] PHP   2. check_if_word() /home/ubuntu/workspace/php/check-if-word.php:67
[07-Sep-2018 01:08:37 UTC] PHP Warning:  Creating default object from empty value in /home/ubuntu/workspace/php/check-if-word.php on line 53
[07-Sep-2018 01:08:37 UTC] PHP Stack trace:
[07-Sep-2018 01:08:37 UTC] PHP   1. {main}() /home/ubuntu/workspace/php/check-if-word.php:0
[07-Sep-2018 01:08:37 UTC] PHP   2. check_if_word() /home/ubuntu/workspace/php/check-if-word.php:67
[07-Sep-2018 01:09:34 UTC] PHP Warning:  Creating default object from empty value in /home/ubuntu/workspace/php/check-if-word.php on line 53
[07-Sep-2018 01:09:34 UTC] PHP Stack trace:
[07-Sep-2018 01:09:34 UTC] PHP   1. {main}() /home/ubuntu/workspace/php/check-if-word.php:0
[07-Sep-2018 01:09:34 UTC] PHP   2. check_if_word() /home/ubuntu/workspace/php/check-if-word.php:67
[07-Sep-2018 01:09:53 UTC] PHP Warning:  Creating default object from empty value in /home/ubuntu/workspace/php/check-if-word.php on line 53
[07-Sep-2018 01:09:53 UTC] PHP Stack trace:
[07-Sep-2018 01:09:53 UTC] PHP   1. {main}() /home/ubuntu/workspace/php/check-if-word.php:0
[07-Sep-2018 01:09:53 UTC] PHP   2. check_if_word() /home/ubuntu/workspace/php/check-if-word.php:67
[07-Sep-2018 01:09:53 UTC] PHP Warning:  json_decode() expects parameter 1 to be string, array given in /home/ubuntu/workspace/php/check-if-word.php on line 54
[07-Sep-2018 01:09:53 UTC] PHP Stack trace:
[07-Sep-2018 01:09:53 UTC] PHP   1. {main}() /home/ubuntu/workspace/php/check-if-word.php:0
[07-Sep-2018 01:09:53 UTC] PHP   2. check_if_word() /home/ubuntu/workspace/php/check-if-word.php:67
[07-Sep-2018 01:09:53 UTC] PHP   3. json_decode() /home/ubuntu/workspace/php/check-if-word.php:54
[07-Sep-2018 01:10:04 UTC] PHP Warning:  Creating default object from empty value in /home/ubuntu/workspace/php/check-if-word.php on line 53
[07-Sep-2018 01:10:04 UTC] PHP Stack trace:
[07-Sep-2018 01:10:04 UTC] PHP   1. {main}() /home/ubuntu/workspace/php/check-if-word.php:0
[07-Sep-2018 01:10:04 UTC] PHP   2. check_if_word() /home/ubuntu/workspace/php/check-if-word.php:67
[07-Sep-2018 01:11:37 UTC] PHP Warning:  Creating default object from empty value in /home/ubuntu/workspace/php/check-if-word.php on line 53
[07-Sep-2018 01:11:37 UTC] PHP Stack trace:
[07-Sep-2018 01:11:37 UTC] PHP   1. {main}() /home/ubuntu/workspace/php/check-if-word.php:0
[07-Sep-2018 01:11:37 UTC] PHP   2. check_if_word() /home/ubuntu/workspace/php/check-if-word.php:66
[07-Sep-2018 01:12:03 UTC] PHP Warning:  Creating default object from empty value in /home/ubuntu/workspace/php/check-if-word.php on line 53
[07-Sep-2018 01:12:03 UTC] PHP Stack trace:
[07-Sep-2018 01:12:03 UTC] PHP   1. {main}() /home/ubuntu/workspace/php/check-if-word.php:0
[07-Sep-2018 01:12:03 UTC] PHP   2. check_if_word() /home/ubuntu/workspace/php/check-if-word.php:66
[07-Sep-2018 01:13:11 UTC] PHP Warning:  Creating default object from empty value in /home/ubuntu/workspace/php/check-if-word.php on line 53
[07-Sep-2018 01:13:11 UTC] PHP Stack trace:
[07-Sep-2018 01:13:11 UTC] PHP   1. {main}() /home/ubuntu/workspace/php/check-if-word.php:0
[07-Sep-2018 01:13:11 UTC] PHP   2. check_if_word() /home/ubuntu/workspace/php/check-if-word.php:66
[07-Sep-2018 01:14:05 UTC] PHP Parse error:  syntax error, unexpected '{' in /home/ubuntu/workspace/php/check-if-word.php on line 50
[07-Sep-2018 01:15:01 UTC] PHP Warning:  Attempt to assign property of non-object in /home/ubuntu/workspace/php/check-if-word.php on line 53
[07-Sep-2018 01:15:01 UTC] PHP Stack trace:
[07-Sep-2018 01:15:01 UTC] PHP   1. {main}() /home/ubuntu/workspace/php/check-if-word.php:0
[07-Sep-2018 01:15:01 UTC] PHP   2. check_if_word() /home/ubuntu/workspace/php/check-if-word.php:66
[07-Sep-2018 01:15:01 UTC] PHP Warning:  Attempt to assign property of non-object in /home/ubuntu/workspace/php/check-if-word.php on line 54
[07-Sep-2018 01:15:01 UTC] PHP Stack trace:
[07-Sep-2018 01:15:01 UTC] PHP   1. {main}() /home/ubuntu/workspace/php/check-if-word.php:0
[07-Sep-2018 01:15:01 UTC] PHP   2. check_if_word() /home/ubuntu/workspace/php/check-if-word.php:66
[07-Sep-2018 01:15:20 UTC] PHP Warning:  Attempt to assign property of non-object in /home/ubuntu/workspace/php/check-if-word.php on line 53
[07-Sep-2018 01:15:20 UTC] PHP Stack trace:
[07-Sep-2018 01:15:20 UTC] PHP   1. {main}() /home/ubuntu/workspace/php/check-if-word.php:0
[07-Sep-2018 01:15:20 UTC] PHP   2. check_if_word() /home/ubuntu/workspace/php/check-if-word.php:66
[07-Sep-2018 01:15:20 UTC] PHP Warning:  Attempt to assign property of non-object in /home/ubuntu/workspace/php/check-if-word.php on line 54
[07-Sep-2018 01:15:20 UTC] PHP Stack trace:
[07-Sep-2018 01:15:20 UTC] PHP   1. {main}() /home/ubuntu/workspace/php/check-if-word.php:0
[07-Sep-2018 01:15:20 UTC] PHP   2. check_if_word() /home/ubuntu/workspace/php/check-if-word.php:66
[07-Sep-2018 01:16:07 UTC] PHP Warning:  Attempt to assign property of non-object in /home/ubuntu/workspace/php/check-if-word.php on line 54
[07-Sep-2018 01:16:07 UTC] PHP Stack trace:
[07-Sep-2018 01:16:07 UTC] PHP   1. {main}() /home/ubuntu/workspace/php/check-if-word.php:0
[07-Sep-2018 01:16:07 UTC] PHP   2. check_if_word() /home/ubuntu/workspace/php/check-if-word.php:67
[07-Sep-2018 01:16:07 UTC] PHP Warning:  Attempt to assign property of non-object in /home/ubuntu/workspace/php/check-if-word.php on line 55
[07-Sep-2018 01:16:07 UTC] PHP Stack trace:
[07-Sep-2018 01:16:07 UTC] PHP   1. {main}() /home/ubuntu/workspace/php/check-if-word.php:0
[07-Sep-2018 01:16:07 UTC] PHP   2. check_if_word() /home/ubuntu/workspace/php/check-if-word.php:67
[07-Sep-2018 01:18:16 UTC] PHP Parse error:  syntax error, unexpected '{' in /home/ubuntu/workspace/php/check-if-word.php on line 50
[07-Sep-2018 01:19:10 UTC] PHP Parse error:  syntax error, unexpected ':', expecting ']' in /home/ubuntu/workspace/php/check-if-word.php on line 50
[07-Sep-2018 01:20:12 UTC] PHP Warning:  Creating default object from empty value in /home/ubuntu/workspace/php/check-if-word.php on line 50
[07-Sep-2018 01:20:12 UTC] PHP Stack trace:
[07-Sep-2018 01:20:12 UTC] PHP   1. {main}() /home/ubuntu/workspace/php/check-if-word.php:0
[07-Sep-2018 01:20:12 UTC] PHP   2. check_if_word() /home/ubuntu/workspace/php/check-if-word.php:67
[07-Sep-2018 13:27:35 UTC] PHP Fatal error:  Call to undefined function racks() in Command line code on line 1
[07-Sep-2018 13:27:35 UTC] PHP Stack trace:
[07-Sep-2018 13:27:35 UTC] PHP   1. {main}() Command line code:0
